<?xml version="1.0" encoding="UTF-8"?>
<testsuite xmlns:xsi="http://www.w3.org/2001/XMLSchema-instance" xsi:noNamespaceSchemaLocation="https://maven.apache.org/surefire/maven-surefire-plugin/xsd/surefire-test-report.xsd" version="3.0.2" name="com.example.workflow.integration.WorkflowOptimisticLockTests" time="8.008" tests="1" errors="0" skipped="0" failures="0">
  <properties>
[...]
</properties>
  <testcase name="shouldHandleConcurrentExecutionSafely" classname="com.example.workflow.integration.WorkflowOptimisticLockTests" time="0.343">
    <system-out><![CDATA[00:32:56.638 [main] INFO org.springframework.test.context.support.AnnotationConfigContextLoaderUtils -- Could not detect default configuration classes for test class [com.example.workflow.integration.WorkflowOptimisticLockTests]: WorkflowOptimisticLockTests does not declare any static, non-private, non-final, nested classes annotated with @Configuration.
00:32:56.721 [main] INFO org.springframework.boot.test.context.SpringBootTestContextBootstrapper -- Found @SpringBootConfiguration com.example.workflow.WorkflowApplication for test class com.example.workflow.integration.WorkflowOptimisticLockTests

  .   ____          _            __ _ _
 /\\ / ___'_ __ _ _(_)_ __  __ _ \ \ \ \
( ( )\___ | '_ | '_| | '_ \/ _` | \ \ \ \
 \\/  ___)| |_)| | | | | || (_| |  ) ) ) )
  '  |____| .__|_| |_|_| |_\__, | / / / /
 =========|_|==============|___/=/_/_/_/

 :: Spring Boot ::                (v3.5.9)

2026-01-22T00:32:57.042+05:00[main]INFO  c.e.w.i.WorkflowOptimisticLockTests - Starting WorkflowOptimisticLockTests using Java 21.0.9 with PID 83782 (started by bakigoal in /Users/bakigoal/Documents/workflow/service)
2026-01-22T00:32:57.042+05:00[main]DEBUG c.e.w.i.WorkflowOptimisticLockTests - Running with Spring Boot v3.5.9, Spring v6.2.15
2026-01-22T00:32:57.043+05:00[main]INFO  c.e.w.i.WorkflowOptimisticLockTests - The following 1 profile is active: "test"
2026-01-22T00:32:57.416+05:00[main]INFO  o.s.d.r.c.RepositoryConfigurationDelegate - Bootstrapping Spring Data JPA repositories in DEFAULT mode.
2026-01-22T00:32:57.450+05:00[main]INFO  o.s.d.r.c.RepositoryConfigurationDelegate - Finished Spring Data repository scanning in 27 ms. Found 3 JPA repository interfaces.
2026-01-22T00:32:57.652+05:00[main]INFO  o.testcontainers.images.PullPolicy - Image pull policy will be performed by: DefaultPullPolicy()
2026-01-22T00:32:57.654+05:00[main]INFO  o.t.utility.ImageNameSubstitutor - Image name substitution will be performed by: DefaultImageNameSubstitutor (composite of 'ConfigurationFileImageNameSubstitutor' and 'PrefixingImageNameSubstitutor')
2026-01-22T00:32:57.667+05:00[main]INFO  o.testcontainers.DockerClientFactory - Testcontainers version: 1.21.4
2026-01-22T00:32:57.774+05:00[main]INFO  o.t.d.DockerClientProviderStrategy - Loaded org.testcontainers.dockerclient.UnixSocketClientProviderStrategy from ~/.testcontainers.properties, will try it first
2026-01-22T00:32:57.933+05:00[main]INFO  o.t.d.DockerClientProviderStrategy - Found Docker environment with local Unix socket (unix:///var/run/docker.sock)
2026-01-22T00:32:57.934+05:00[main]INFO  o.testcontainers.DockerClientFactory - Docker host IP address is localhost
2026-01-22T00:32:57.947+05:00[main]INFO  o.testcontainers.DockerClientFactory - Connected to docker: 
  Server Version: 27.4.0
  API Version: 1.47
  Operating System: Docker Desktop
  Total Memory: 7837 MB
  Labels: 
    com.docker.desktop.address=unix:///Users/bakigoal/Library/Containers/com.docker.docker/Data/docker-cli.sock
2026-01-22T00:32:58.211+05:00[main]INFO  tc.testcontainers/ryuk:0.12.0 - Creating container for image: testcontainers/ryuk:0.12.0
2026-01-22T00:32:58.332+05:00[main]INFO  o.t.utility.RegistryAuthLocator - Credential helper/store (docker-credential-desktop) does not have credentials for https://index.docker.io/v1/
2026-01-22T00:32:58.430+05:00[main]INFO  tc.testcontainers/ryuk:0.12.0 - Container testcontainers/ryuk:0.12.0 is starting: a217163daab4046fd8cfd98c192805b7e605243ae8134463d589c7fb38f31871
2026-01-22T00:32:58.985+05:00[main]INFO  tc.testcontainers/ryuk:0.12.0 - Container testcontainers/ryuk:0.12.0 started in PT0.773891S
2026-01-22T00:32:58.998+05:00[main]INFO  o.t.utility.RyukResourceReaper - Ryuk started - will monitor and terminate Testcontainers containers on JVM exit
2026-01-22T00:32:58.998+05:00[main]INFO  o.testcontainers.DockerClientFactory - Checking the system...
2026-01-22T00:32:58.998+05:00[main]INFO  o.testcontainers.DockerClientFactory - ✔︎ Docker server version should be at least 1.6.0
2026-01-22T00:32:58.999+05:00[main]INFO  tc.postgres:17 - Creating container for image: postgres:17
2026-01-22T00:32:59.279+05:00[main]INFO  tc.postgres:17 - Container postgres:17 is starting: ddcbeb279ca1db9aec84aa724e8ee9758e1e11cd68e59ad5f7835c98b85430bb
2026-01-22T00:33:00.628+05:00[main]INFO  tc.postgres:17 - Container postgres:17 started in PT1.628744S
2026-01-22T00:33:00.629+05:00[main]INFO  tc.postgres:17 - Container is started (JDBC URL: jdbc:postgresql://localhost:51042/test?loggerLevel=OFF)
2026-01-22T00:33:01.010+05:00[main]INFO  liquibase.database - Set default schema name to public
2026-01-22T00:33:01.320+05:00[main]INFO  liquibase.changelog - Creating database history table with name: public.databasechangelog
2026-01-22T00:33:01.350+05:00[main]INFO  liquibase.changelog - Reading from public.databasechangelog
2026-01-22T00:33:01.402+05:00[main]INFO  liquibase.snapshot - Creating snapshot
2026-01-22T00:33:01.489+05:00[main]INFO  liquibase.lockservice - Successfully acquired change log lock
2026-01-22T00:33:01.491+05:00[main]INFO  liquibase.command - Using deploymentId: 9023980734
2026-01-22T00:33:01.492+05:00[main]INFO  liquibase.changelog - Reading from public.databasechangelog
2026-01-22T00:33:01.500+05:00[main]INFO  liquibase.ui - Running Changeset: db/changelog/db.changelog-master.xml::001-init-schema::system
2026-01-22T00:33:01.531+05:00[main]INFO  liquibase.changelog - SQL in file db/changelog/001-init-schema.sql executed
2026-01-22T00:33:01.533+05:00[main]INFO  liquibase.changelog - ChangeSet db/changelog/db.changelog-master.xml::001-init-schema::system ran successfully in 32ms
2026-01-22T00:33:01.539+05:00[main]INFO  liquibase.ui - Running Changeset: db/changelog/db.changelog-master.xml::002-add-simple-transfers::system
2026-01-22T00:33:01.554+05:00[main]INFO  liquibase.changelog - SQL in file db/changelog/002-add-simple-transfers.sql executed
2026-01-22T00:33:01.555+05:00[main]INFO  liquibase.changelog - ChangeSet db/changelog/db.changelog-master.xml::002-add-simple-transfers::system ran successfully in 15ms
2026-01-22T00:33:01.558+05:00[main]INFO  liquibase.ui - Running Changeset: db/changelog/db.changelog-master.xml::003-add-step-instance-version::system
2026-01-22T00:33:01.563+05:00[main]INFO  liquibase.changelog - SQL in file db/changelog/003-add-step-instance-version.sql executed
2026-01-22T00:33:01.564+05:00[main]INFO  liquibase.changelog - ChangeSet db/changelog/db.changelog-master.xml::003-add-step-instance-version::system ran successfully in 4ms
2026-01-22T00:33:01.567+05:00[main]INFO  liquibase.ui - Running Changeset: db/changelog/db.changelog-master.xml::004-add-retries::system
2026-01-22T00:33:01.577+05:00[main]INFO  liquibase.changelog - SQL in file db/changelog/004-add-retries.sql executed
2026-01-22T00:33:01.578+05:00[main]INFO  liquibase.changelog - ChangeSet db/changelog/db.changelog-master.xml::004-add-retries::system ran successfully in 11ms
2026-01-22T00:33:01.581+05:00[main]INFO  liquibase.ui - Running Changeset: db/changelog/db.changelog-master.xml::005-add-result::system
2026-01-22T00:33:01.585+05:00[main]INFO  liquibase.changelog - SQL in file db/changelog/005-add-result.sql executed
2026-01-22T00:33:01.587+05:00[main]INFO  liquibase.changelog - ChangeSet db/changelog/db.changelog-master.xml::005-add-result::system ran successfully in 6ms
2026-01-22T00:33:01.595+05:00[main]INFO  liquibase.ui - Running Changeset: db/changelog/db.changelog-test.xml::001-test-add-simple-transfers::system
2026-01-22T00:33:01.605+05:00[main]INFO  liquibase.changelog - SQL in file db/changelog/001-test-add-simple-transfers.sql executed
2026-01-22T00:33:01.610+05:00[main]INFO  liquibase.changelog - ChangeSet db/changelog/db.changelog-test.xml::001-test-add-simple-transfers::system ran successfully in 14ms
2026-01-22T00:33:01.620+05:00[main]INFO  liquibase.util - UPDATE SUMMARY
2026-01-22T00:33:01.620+05:00[main]INFO  liquibase.util - Run:                          6
2026-01-22T00:33:01.621+05:00[main]INFO  liquibase.util - Previously run:               0
2026-01-22T00:33:01.621+05:00[main]INFO  liquibase.util - Filtered out:                 0
2026-01-22T00:33:01.621+05:00[main]INFO  liquibase.util - -------------------------------
2026-01-22T00:33:01.621+05:00[main]INFO  liquibase.util - Total change sets:            6
2026-01-22T00:33:01.621+05:00[main]INFO  liquibase.util - Update summary generated
2026-01-22T00:33:01.622+05:00[main]INFO  liquibase.command - Update command completed successfully.
2026-01-22T00:33:01.622+05:00[main]INFO  liquibase.ui - Liquibase: Update has been successful. Rows affected: 17
2026-01-22T00:33:01.627+05:00[main]INFO  liquibase.lockservice - Successfully released change log lock
2026-01-22T00:33:01.630+05:00[main]INFO  liquibase.command - Command execution complete
2026-01-22T00:33:02.620+05:00[main]INFO  o.h.jpa.internal.util.LogHelper - HHH000204: Processing PersistenceUnitInfo [name: default]
2026-01-22T00:33:02.657+05:00[main]INFO  org.hibernate.Version - HHH000412: Hibernate ORM core version 6.6.39.Final
2026-01-22T00:33:02.684+05:00[main]INFO  o.h.c.i.RegionFactoryInitiator - HHH000026: Second-level cache disabled
2026-01-22T00:33:02.838+05:00[main]INFO  o.s.o.j.p.SpringPersistenceUnitInfo - No LoadTimeWeaver setup: ignoring JPA class transformer
2026-01-22T00:33:02.855+05:00[main]INFO  com.zaxxer.hikari.HikariDataSource - HikariPool-1 - Starting...
2026-01-22T00:33:02.879+05:00[main]INFO  com.zaxxer.hikari.pool.HikariPool - HikariPool-1 - Added connection org.postgresql.jdbc.PgConnection@73072745
2026-01-22T00:33:02.879+05:00[main]INFO  com.zaxxer.hikari.HikariDataSource - HikariPool-1 - Start completed.
2026-01-22T00:33:02.932+05:00[main]INFO  o.hibernate.orm.connections.pooling - HHH10001005: Database info:
	Database JDBC URL [Connecting through datasource 'HikariDataSource (HikariPool-1)']
	Database driver: undefined/unknown
	Database version: 17.7
	Autocommit mode: undefined/unknown
	Isolation level: undefined/unknown
	Minimum pool size: undefined/unknown
	Maximum pool size: undefined/unknown
2026-01-22T00:33:03.397+05:00[main]INFO  o.h.e.t.j.p.i.JtaPlatformInitiator - HHH000489: No JTA platform available (set 'hibernate.transaction.jta.platform' to enable JTA platform integration)
2026-01-22T00:33:03.421+05:00[main]INFO  o.s.o.j.LocalContainerEntityManagerFactoryBean - Initialized JPA EntityManagerFactory for persistence unit 'default'
2026-01-22T00:33:03.620+05:00[main]INFO  o.s.d.j.r.query.QueryEnhancerFactory - Hibernate is in classpath; If applicable, HQL parser will be used.
2026-01-22T00:33:04.218+05:00[main]INFO  c.e.w.i.WorkflowOptimisticLockTests - Started WorkflowOptimisticLockTests in 7.413 seconds (process running for 8.062)
2026-01-22T00:33:04.345+05:00[main]INFO  c.e.workflow.core.WorkflowEngine - [Core]: Start managing process: 660ae926-400e-4abc-8554-8ac1874ee56c
2026-01-22T00:33:04.405+05:00[main]INFO  c.e.w.r.a.StepStateRepositoryAdapter - Step is created (d9c8bb74-f83a-467f-ba5c-5052ed783409)
2026-01-22T00:33:04.408+05:00[main]DEBUG c.e.workflow.core.WorkflowEngine - [Core]: Step [S_A][d9c8bb74-f83a-467f-ba5c-5052ed783409] is created
2026-01-22T00:33:04.408+05:00[main]DEBUG c.e.workflow.core.WorkflowEngine - [Core]: StepHandler [S_A] is started
2026-01-22T00:33:04.408+05:00[main]DEBUG c.e.workflow.core.WorkflowEngine - [Core]: StepHandler [S_A] is finished
2026-01-22T00:33:04.408+05:00[main]DEBUG c.e.workflow.core.WorkflowEngine - step: [S_A] -> signal: [NEXT]
2026-01-22T00:33:04.427+05:00[main]INFO  c.e.w.r.a.StepStateRepositoryAdapter - Step is closed (d9c8bb74-f83a-467f-ba5c-5052ed783409)
2026-01-22T00:33:04.428+05:00[main]DEBUG c.e.workflow.core.WorkflowEngine - [Core]: Step [S_A][d9c8bb74-f83a-467f-ba5c-5052ed783409] is closed
2026-01-22T00:33:04.432+05:00[main]INFO  c.e.w.r.a.StepStateRepositoryAdapter - Step is created (c45a667b-a5b2-4469-8cfd-10a5fcd826a3)
2026-01-22T00:33:04.437+05:00[main]DEBUG c.e.workflow.core.WorkflowEngine - [Core]: Step [S_B][c45a667b-a5b2-4469-8cfd-10a5fcd826a3] is created
2026-01-22T00:33:04.437+05:00[main]DEBUG c.e.workflow.core.WorkflowEngine - [Core]: StepHandler [S_B] is started
2026-01-22T00:33:04.437+05:00[main]DEBUG c.e.workflow.core.WorkflowEngine - [Core]: StepHandler [S_B] is finished
2026-01-22T00:33:04.438+05:00[main]INFO  c.e.workflow.core.WorkflowEngine - [Core]: Step [S_B] paused
2026-01-22T00:33:04.438+05:00[main]INFO  c.e.workflow.core.WorkflowEngine - [Core]: Finish managing process: 660ae926-400e-4abc-8554-8ac1874ee56c
2026-01-22T00:33:04.438+05:00[pool-3-thread-2]INFO  c.e.workflow.core.WorkflowEngine - [Core]: Start managing process: 660ae926-400e-4abc-8554-8ac1874ee56c
2026-01-22T00:33:04.438+05:00[pool-3-thread-1]INFO  c.e.workflow.core.WorkflowEngine - [Core]: Start managing process: 660ae926-400e-4abc-8554-8ac1874ee56c
2026-01-22T00:33:04.459+05:00[pool-3-thread-2]INFO  c.e.w.r.a.StepStateRepositoryAdapter - Step is closed (c45a667b-a5b2-4469-8cfd-10a5fcd826a3)
2026-01-22T00:33:04.460+05:00[pool-3-thread-2]DEBUG c.e.workflow.core.WorkflowEngine - [Core]: Step [S_B][c45a667b-a5b2-4469-8cfd-10a5fcd826a3] is closed
2026-01-22T00:33:04.463+05:00[pool-3-thread-2]INFO  c.e.w.r.a.StepStateRepositoryAdapter - Step is created (b7ec85ae-7092-41a2-82ed-8cec8fbaade2)
2026-01-22T00:33:04.466+05:00[pool-3-thread-2]DEBUG c.e.workflow.core.WorkflowEngine - [Core]: Step [S_C][b7ec85ae-7092-41a2-82ed-8cec8fbaade2] is created
2026-01-22T00:33:04.466+05:00[pool-3-thread-2]DEBUG c.e.workflow.core.WorkflowEngine - [Core]: StepHandler [S_C] is started
2026-01-22T00:33:04.466+05:00[pool-3-thread-2]DEBUG c.e.workflow.core.WorkflowEngine - [Core]: StepHandler [S_C] is finished
2026-01-22T00:33:04.466+05:00[pool-3-thread-2]DEBUG c.e.workflow.core.WorkflowEngine - step: [S_C] -> signal: [RETRY]
2026-01-22T00:33:04.467+05:00[pool-3-thread-1]INFO  c.e.w.r.a.StepStateRepositoryAdapter - Step is closed (c45a667b-a5b2-4469-8cfd-10a5fcd826a3)
2026-01-22T00:33:04.468+05:00[pool-3-thread-1]DEBUG c.e.workflow.core.WorkflowEngine - [Core]: Step [S_B][c45a667b-a5b2-4469-8cfd-10a5fcd826a3] is closed
2026-01-22T00:33:04.470+05:00[pool-3-thread-2]INFO  c.e.workflow.core.WorkflowEngine - [Core]: Step [S_C] scheduled for retry
2026-01-22T00:33:04.470+05:00[pool-3-thread-2]INFO  c.e.workflow.core.WorkflowEngine - [Core]: Finish managing process: 660ae926-400e-4abc-8554-8ac1874ee56c
2026-01-22T00:33:04.470+05:00[pool-3-thread-2]INFO  c.e.workflow.core.WorkflowEngine - [Core]: Start managing process: 660ae926-400e-4abc-8554-8ac1874ee56c
2026-01-22T00:33:04.470+05:00[pool-3-thread-1]INFO  c.e.w.r.a.StepStateRepositoryAdapter - Step is created (5e85cc48-8c76-435b-a31d-023e3d1842e7)
2026-01-22T00:33:04.472+05:00[pool-3-thread-1]WARN  o.h.e.jdbc.spi.SqlExceptionHelper - SQL Error: 0, SQLState: 23505
2026-01-22T00:33:04.472+05:00[pool-3-thread-1]ERROR o.h.e.jdbc.spi.SqlExceptionHelper - ERROR: duplicate key value violates unique constraint "ux_active_step"
  Подробности: Key (process_instance_id)=(660ae926-400e-4abc-8554-8ac1874ee56c) already exists.
2026-01-22T00:33:04.477+05:00[pool-3-thread-1]ERROR c.e.workflow.core.WorkflowEngine - [Core]: Error managing process 660ae926-400e-4abc-8554-8ac1874ee56c: could not execute statement [ERROR: duplicate key value violates unique constraint "ux_active_step"
  Подробности: Key (process_instance_id)=(660ae926-400e-4abc-8554-8ac1874ee56c) already exists.] [insert into step_instance (end_time,next_retry_at,process_instance_id,retry_claimed_at,retry_count,start_time,step_type_code,transfer_code,version,id) values (?,?,?,?,?,?,?,?,?,?)]; SQL [insert into step_instance (end_time,next_retry_at,process_instance_id,retry_claimed_at,retry_count,start_time,step_type_code,transfer_code,version,id) values (?,?,?,?,?,?,?,?,?,?)]; constraint [ux_active_step]
org.springframework.dao.DataIntegrityViolationException: could not execute statement [ERROR: duplicate key value violates unique constraint "ux_active_step"
  Подробности: Key (process_instance_id)=(660ae926-400e-4abc-8554-8ac1874ee56c) already exists.] [insert into step_instance (end_time,next_retry_at,process_instance_id,retry_claimed_at,retry_count,start_time,step_type_code,transfer_code,version,id) values (?,?,?,?,?,?,?,?,?,?)]; SQL [insert into step_instance (end_time,next_retry_at,process_instance_id,retry_claimed_at,retry_count,start_time,step_type_code,transfer_code,version,id) values (?,?,?,?,?,?,?,?,?,?)]; constraint [ux_active_step]
	at org.springframework.orm.jpa.vendor.HibernateJpaDialect.convertHibernateAccessException(HibernateJpaDialect.java:294)
	at org.springframework.orm.jpa.vendor.HibernateJpaDialect.convertHibernateAccessException(HibernateJpaDialect.java:256)
	at org.springframework.orm.jpa.vendor.HibernateJpaDialect.translateExceptionIfPossible(HibernateJpaDialect.java:241)
	at org.springframework.orm.jpa.JpaTransactionManager.doCommit(JpaTransactionManager.java:567)
	at org.springframework.transaction.support.AbstractPlatformTransactionManager.processCommit(AbstractPlatformTransactionManager.java:795)
	at org.springframework.transaction.support.AbstractPlatformTransactionManager.commit(AbstractPlatformTransactionManager.java:758)
	at org.springframework.transaction.interceptor.TransactionAspectSupport.commitTransactionAfterReturning(TransactionAspectSupport.java:698)
	at org.springframework.transaction.interceptor.TransactionAspectSupport.invokeWithinTransaction(TransactionAspectSupport.java:416)
	at org.springframework.transaction.interceptor.TransactionInterceptor.invoke(TransactionInterceptor.java:119)
	at org.springframework.aop.framework.ReflectiveMethodInvocation.proceed(ReflectiveMethodInvocation.java:184)
	at org.springframework.aop.framework.CglibAopProxy$DynamicAdvisedInterceptor.intercept(CglibAopProxy.java:728)
	at com.example.workflow.repository.adapter.StepStateRepositoryAdapter$$SpringCGLIB$$0.create(<generated>)
	at com.example.workflow.core.WorkflowEngine.createStep(WorkflowEngine.java:103)
	at com.example.workflow.core.WorkflowEngine.manageProcess(WorkflowEngine.java:54)
	at com.example.workflow.core.WorkflowEngine.execute(WorkflowEngine.java:30)
	at com.example.workflow.integration.WorkflowOptimisticLockTests.lambda$shouldHandleConcurrentExecutionSafely$0(WorkflowOptimisticLockTests.java:57)
	at java.base/java.util.concurrent.Executors$RunnableAdapter.call(Executors.java:572)
	at java.base/java.util.concurrent.FutureTask.run(FutureTask.java:317)
	at java.base/java.util.concurrent.ThreadPoolExecutor.runWorker(ThreadPoolExecutor.java:1144)
	at java.base/java.util.concurrent.ThreadPoolExecutor$Worker.run(ThreadPoolExecutor.java:642)
	at java.base/java.lang.Thread.run(Thread.java:1583)
Caused by: org.hibernate.exception.ConstraintViolationException: could not execute statement [ERROR: duplicate key value violates unique constraint "ux_active_step"
  Подробности: Key (process_instance_id)=(660ae926-400e-4abc-8554-8ac1874ee56c) already exists.] [insert into step_instance (end_time,next_retry_at,process_instance_id,retry_claimed_at,retry_count,start_time,step_type_code,transfer_code,version,id) values (?,?,?,?,?,?,?,?,?,?)]
	at org.hibernate.exception.internal.SQLStateConversionDelegate.convert(SQLStateConversionDelegate.java:97)
	at org.hibernate.exception.internal.StandardSQLExceptionConverter.convert(StandardSQLExceptionConverter.java:58)
	at org.hibernate.engine.jdbc.spi.SqlExceptionHelper.convert(SqlExceptionHelper.java:108)
	at org.hibernate.engine.jdbc.internal.ResultSetReturnImpl.executeUpdate(ResultSetReturnImpl.java:197)
	at org.hibernate.engine.jdbc.mutation.internal.AbstractMutationExecutor.performNonBatchedMutation(AbstractMutationExecutor.java:134)
	at org.hibernate.engine.jdbc.mutation.internal.MutationExecutorSingleNonBatched.performNonBatchedOperations(MutationExecutorSingleNonBatched.java:55)
	at org.hibernate.engine.jdbc.mutation.internal.AbstractMutationExecutor.execute(AbstractMutationExecutor.java:55)
	at org.hibernate.persister.entity.mutation.InsertCoordinatorStandard.doStaticInserts(InsertCoordinatorStandard.java:194)
	at org.hibernate.persister.entity.mutation.InsertCoordinatorStandard.coordinateInsert(InsertCoordinatorStandard.java:132)
	at org.hibernate.persister.entity.mutation.InsertCoordinatorStandard.insert(InsertCoordinatorStandard.java:104)
	at org.hibernate.action.internal.EntityInsertAction.execute(EntityInsertAction.java:110)
	at org.hibernate.engine.spi.ActionQueue.executeActions(ActionQueue.java:644)
	at org.hibernate.engine.spi.ActionQueue.executeActions(ActionQueue.java:511)
	at org.hibernate.event.internal.AbstractFlushingEventListener.performExecutions(AbstractFlushingEventListener.java:414)
	at org.hibernate.event.internal.DefaultFlushEventListener.onFlush(DefaultFlushEventListener.java:41)
	at org.hibernate.event.service.internal.EventListenerGroupImpl.fireEventOnEachListener(EventListenerGroupImpl.java:127)
	at org.hibernate.internal.SessionImpl.doFlush(SessionImpl.java:1429)
	at org.hibernate.internal.SessionImpl.managedFlush(SessionImpl.java:491)
	at org.hibernate.internal.SessionImpl.flushBeforeTransactionCompletion(SessionImpl.java:2354)
	at org.hibernate.internal.SessionImpl.beforeTransactionCompletion(SessionImpl.java:1978)
	at org.hibernate.engine.jdbc.internal.JdbcCoordinatorImpl.beforeTransactionCompletion(JdbcCoordinatorImpl.java:439)
	at org.hibernate.resource.transaction.backend.jdbc.internal.JdbcResourceLocalTransactionCoordinatorImpl.beforeCompletionCallback(JdbcResourceLocalTransactionCoordinatorImpl.java:169)
	at org.hibernate.resource.transaction.backend.jdbc.internal.JdbcResourceLocalTransactionCoordinatorImpl$TransactionDriverControlImpl.commit(JdbcResourceLocalTransactionCoordinatorImpl.java:267)
	at org.hibernate.engine.transaction.internal.TransactionImpl.commit(TransactionImpl.java:101)
	at org.springframework.orm.jpa.JpaTransactionManager.doCommit(JpaTransactionManager.java:563)
	... 17 common frames omitted
Caused by: org.postgresql.util.PSQLException: ERROR: duplicate key value violates unique constraint "ux_active_step"
  Подробности: Key (process_instance_id)=(660ae926-400e-4abc-8554-8ac1874ee56c) already exists.
	at org.postgresql.core.v3.QueryExecutorImpl.receiveErrorResponse(QueryExecutorImpl.java:2736)
	at org.postgresql.core.v3.QueryExecutorImpl.processResults(QueryExecutorImpl.java:2421)
	at org.postgresql.core.v3.QueryExecutorImpl.execute(QueryExecutorImpl.java:372)
	at org.postgresql.jdbc.PgStatement.executeInternal(PgStatement.java:525)
	at org.postgresql.jdbc.PgStatement.execute(PgStatement.java:435)
	at org.postgresql.jdbc.PgPreparedStatement.executeWithFlags(PgPreparedStatement.java:196)
	at org.postgresql.jdbc.PgPreparedStatement.executeUpdate(PgPreparedStatement.java:157)
	at com.zaxxer.hikari.pool.ProxyPreparedStatement.executeUpdate(ProxyPreparedStatement.java:61)
	at com.zaxxer.hikari.pool.HikariProxyPreparedStatement.executeUpdate(HikariProxyPreparedStatement.java)
	at org.hibernate.engine.jdbc.internal.ResultSetReturnImpl.executeUpdate(ResultSetReturnImpl.java:194)
	... 38 common frames omitted
2026-01-22T00:33:04.482+05:00[pool-3-thread-2]INFO  c.e.w.r.a.StepStateRepositoryAdapter - Step is closed (b7ec85ae-7092-41a2-82ed-8cec8fbaade2)
2026-01-22T00:33:04.483+05:00[pool-3-thread-2]DEBUG c.e.workflow.core.WorkflowEngine - [Core]: Step [S_C][b7ec85ae-7092-41a2-82ed-8cec8fbaade2] is closed
2026-01-22T00:33:04.485+05:00[pool-3-thread-2]INFO  c.e.w.r.a.StepStateRepositoryAdapter - Step is created (1d6a9fdb-dedb-4dd1-9cc8-5656915cecf4)
2026-01-22T00:33:04.487+05:00[pool-3-thread-2]DEBUG c.e.workflow.core.WorkflowEngine - [Core]: Step [S_C][1d6a9fdb-dedb-4dd1-9cc8-5656915cecf4] is created
2026-01-22T00:33:04.487+05:00[pool-3-thread-2]DEBUG c.e.workflow.core.WorkflowEngine - [Core]: StepHandler [S_C] is started
2026-01-22T00:33:04.487+05:00[pool-3-thread-2]DEBUG c.e.workflow.core.WorkflowEngine - [Core]: StepHandler [S_C] is finished
2026-01-22T00:33:04.487+05:00[pool-3-thread-2]DEBUG c.e.workflow.core.WorkflowEngine - step: [S_C] -> signal: [FINISH]
2026-01-22T00:33:04.496+05:00[pool-3-thread-2]INFO  c.e.w.r.a.StepStateRepositoryAdapter - Step is closed (1d6a9fdb-dedb-4dd1-9cc8-5656915cecf4)
2026-01-22T00:33:04.496+05:00[pool-3-thread-2]DEBUG c.e.workflow.core.WorkflowEngine - [Core]: Step [S_C][1d6a9fdb-dedb-4dd1-9cc8-5656915cecf4] is closed
2026-01-22T00:33:04.498+05:00[pool-3-thread-2]INFO  c.e.w.r.a.StepStateRepositoryAdapter - Step is created (2606cad4-176d-420d-b756-220efe80a4d6)
2026-01-22T00:33:04.500+05:00[pool-3-thread-2]DEBUG c.e.workflow.core.WorkflowEngine - [Core]: Step [null][2606cad4-176d-420d-b756-220efe80a4d6] is created
2026-01-22T00:33:04.502+05:00[pool-3-thread-2]INFO  c.e.w.r.a.StepStateRepositoryAdapter - Step is closed (2606cad4-176d-420d-b756-220efe80a4d6)
2026-01-22T00:33:04.503+05:00[pool-3-thread-2]DEBUG c.e.workflow.core.WorkflowEngine - [Core]: Step [null][2606cad4-176d-420d-b756-220efe80a4d6] is closed
2026-01-22T00:33:04.507+05:00[pool-3-thread-2]INFO  c.e.workflow.core.WorkflowEngine - [Core]: Process [TEST][660ae926-400e-4abc-8554-8ac1874ee56c] is closed with result [SUCCESS]
2026-01-22T00:33:04.507+05:00[pool-3-thread-2]INFO  c.e.workflow.core.WorkflowEngine - [Core]: Finish managing process: 660ae926-400e-4abc-8554-8ac1874ee56c
]]></system-out>
  </testcase>
</testsuite>