<?xml version="1.0" encoding="UTF-8"?>
<testsuite xmlns:xsi="http://www.w3.org/2001/XMLSchema-instance" xsi:noNamespaceSchemaLocation="https://maven.apache.org/surefire/maven-surefire-plugin/xsd/surefire-test-report.xsd" version="3.0.2" name="com.example.workflow.service.WorkflowDiagramGeneratorTest" time="0.155" tests="1" errors="0" skipped="0" failures="0">
  <properties>
[...]
</properties>
  <testcase name="testDiagram" classname="com.example.workflow.service.WorkflowDiagramGeneratorTest" time="0.155">
    <system-out><![CDATA[2026-01-22T00:33:07.384+05:00[scheduling-1]INFO  c.e.w.s.WorkflowRetryScheduler - Started retry scheduler
2026-01-22T00:33:07.432+05:00[scheduling-1]INFO  c.e.w.s.WorkflowRetryScheduler - Finished retry scheduler
2026-01-22T00:33:07.433+05:00[scheduling-1]INFO  c.e.w.s.WorkflowRetryScheduler - Started retry claims cleaner
2026-01-22T00:33:07.444+05:00[scheduling-1]INFO  c.e.w.s.WorkflowRetryScheduler - Finished retry claims cleaner
]]></system-out>
  </testcase>
</testsuite>